Approximation of Option Prices at T+1 : [ 100.     96.25   92.5    88.75   85.     81.25   77.5    73.75   70.
   66.25   62.5    58.75   55.     51.25   47.5    43.75   40.     36.25
   32.5    28.75   25.     21.25   17.5    13.75   10.      6.25    2.5
    0.      0.      0.      0.      0.      0.      0.      0.      0.
    0.      0.      0.      0.      0.  ]f_{n, 40 } = [ 100.     96.25   92.5    88.75   85.     81.25   77.5    73.75   70.
   66.25   62.5    58.75   55.     51.25   47.5    43.75   40.     36.25
   32.5    28.75   25.     21.25   17.5    13.75   10.      6.25    2.5
    0.      0.      0.      0.      0.      0.      0.      0.      0.
    0.      0.      0.      0.      0.  ]
 
f_{n, 39 } = [  9.93934586e+01   9.57867206e+01   9.19119762e+01   8.80462519e+01
   8.41927717e+01   8.03515628e+01   7.65225699e+01   7.27057349e+01
   6.89009996e+01   6.51083049e+01   6.13275944e+01   5.75588216e+01
   5.38019058e+01   5.00568192e+01   4.63235319e+01   4.26020491e+01
   3.88924779e+01   3.51951577e+01   3.15109352e+01   2.78417265e+01
   2.41916243e+01   2.05690045e+01   1.69904115e+01   1.34875759e+01
   1.01195804e+01   6.99400335e+00   4.30200920e+00   2.37639654e+00
   1.33887535e+00   7.68382513e-01   4.48665136e-01   2.66259296e-01
   1.60426411e-01   9.80331663e-02   6.06793348e-02   3.79705037e-02
   2.39353834e-02   1.50833038e-02   9.33194591e-03   5.40433800e-03
   2.48211641e-03]
 
f_{n, 38 } = [  9.87909198e+01   9.53223688e+01   9.13278812e+01   8.73487589e+01
   8.33942862e+01   7.94646094e+01   7.55595674e+01   7.16789841e+01
   6.78226839e+01   6.39904917e+01   6.01822377e+01   5.63977592e+01
   5.26368908e+01   4.88995236e+01   4.51856239e+01   4.14953405e+01
   3.78292271e+01   3.41886604e+01   3.05765989e+01   2.69988841e+01
   2.34663378e+01   1.99979171e+01   1.66250575e+01   1.33970042e+01
   1.03856691e+01   7.68741320e+00   5.41418796e+00   3.66145472e+00
   2.42834513e+00   1.59665648e+00   1.04714046e+00   6.87472206e-01
   4.52779783e-01   2.99490748e-01   1.98985434e-01   1.32658042e-01
   8.84452187e-02   5.84986063e-02   3.76591176e-02   2.24653162e-02
   1.05073222e-02]
 
f_{n, 37 } = [  9.81923461e+01   9.48570734e+01   9.07476186e+01   8.66574762e+01
   8.26044800e+01   7.85890357e+01   7.46108314e+01   7.06695140e+01
   6.67647301e+01   6.28961312e+01   5.90633787e+01   5.52661523e+01
   5.15041701e+01   4.77772633e+01   4.40854886e+01   4.04293712e+01
   3.68103473e+01   3.32315053e+01   2.96987422e+01   2.62224282e+01
   2.28195819e+01   1.95163622e+01   1.63503329e+01   1.33715862e+01
   1.06407658e+01   8.22285082e+00   6.17408185e+00   4.52353744e+00
   3.25584083e+00   2.31558918e+00   1.63459902e+00   1.14900595e+00
   8.06059583e-01   5.65098175e-01   3.96034208e-01   2.77143744e-01
   1.92952322e-01   1.32488870e-01   8.79421267e-02   5.36648942e-02
   2.54491153e-02]
 
f_{n, 36 } = [  9.75977007e+01   9.43909573e+01   9.01711001e+01   8.59723562e+01
   8.18232884e+01   7.77247367e+01   7.36762006e+01   6.96770905e+01
   6.57268162e+01   6.18247988e+01   5.79704818e+01   5.41633556e+01
   5.04030148e+01   4.66892871e+01   4.30224607e+01   3.94036899e+01
   3.58356452e+01   3.23234683e+01   2.88760455e+01   2.55075211e+01
   2.22388181e+01   1.90987392e+01   1.61240002e+01   1.33576135e+01
   1.08444400e+01   8.62490743e+00   6.72643970e+00   5.15596968e+00
   3.89681076e+00   2.91325355e+00   2.16046786e+00   1.59298690e+00
   1.16976135e+00   8.56278130e-01   6.24821622e-01   4.53788889e-01
   3.26646182e-01   2.30848674e-01   1.56870963e-01   9.73978039e-02
   4.66750335e-02]
 
f_{n, 35 } = [  9.70069474e+01   9.39241387e+01   8.95982446e+01   8.52933494e+01
   8.10506451e+01   7.68716064e+01   7.27555127e+01   6.87014798e+01
   6.47086219e+01   6.07760758e+01   5.69030251e+01   5.30887513e+01
   4.93327422e+01   4.56348986e+01   4.19958841e+01   3.84176704e+01
   3.49043135e+01   3.14629407e+01   2.81048545e+01   2.48465540e+01
   2.17103582e+01   1.87242420e+01   1.59204713e+01   1.33330220e+01
   1.09931251e+01   8.92497907e+00   7.14100259e+00   5.63921977e+00
   4.40347796e+00   3.40673120e+00   2.61597066e+00   1.99681852e+00
   1.51677892e+00   1.14704492e+00   8.63176069e-01   6.45047316e-01
   4.76402029e-01   3.44239336e-01   2.38173989e-01   1.49841754e-01
   7.23813047e-02]
 
f_{n, 34 } = [ 96.42005048  93.4567308   89.02897816  84.62040419  80.28648274
  76.02953815  71.84860508  67.74244842  63.70982917  59.74955011
  55.86050078  52.0417464   48.29269848  44.61340823  41.00501807
  37.47039187  34.01489963  30.64726849  27.38033624  24.23147679
  21.22243512  18.37834543  15.72579554  13.29032042  11.09273784
   9.14675332   7.45645845   6.01571124   4.80911706   3.81437254
   3.00521113   2.35416887   1.83469621   1.42249741   1.09619057
   0.8374681    0.63093647   0.46378083   0.32535608   0.20676911
   0.10048861]
 
f_{n, 33 } = [ 95.83697504  92.98884215  88.46323274  83.95346803  79.53073249
  75.19842427  70.95531481  66.79976344  62.73012298  58.74481694
  54.84241435  51.02176548  47.28223897  43.62409195  40.04898577
  36.56062505  33.16544543  29.87321787  26.69739273  23.65499431
  20.7659143   18.05154733  15.53281268  13.22814376  11.15066454
   9.30716521   7.6967956    6.31125091   5.13584645   4.15124758
   3.33542325   2.66545501   2.11896301   1.67507449   1.31496609
   1.02206834   0.78203164   0.58254412   0.41307088   0.26456437
   0.12917775]
 
f_{n, 32 } = [ 95.25768669  92.52057697  87.90094605  83.29248724  78.78332433
  74.3781563   70.07547857  65.87319282  61.76919144  57.76147842
  53.84828203  50.02824222  46.30070911  42.6661665   39.12676236
  35.6868856   32.35368208  29.13736915  26.05120175  23.11097619
  20.33403063  17.73780446  15.33807828  13.14754573  11.1736551
   9.41850153   7.87813128   6.54303981   5.39916251   4.42919146
   3.61395757   2.93368644   2.36899929   1.9016181    1.51478872
   1.19347139   0.92435728   0.69576863   0.49748961   0.32056426
   0.1570867 ]
 
f_{n, 31 } = [ 94.68215162  92.05203524  87.34206098  82.63740757  78.04418712
  73.56862499  69.20893288  64.96250556  60.82672605  56.79914293
  52.8776273   49.06061079  45.34743171  41.73877997  38.23719303
  34.84751579  31.5772085   28.4363817   25.43746367  22.59446354
  19.92187165  17.43332014  15.14013315  13.05042699  11.16741957
   9.48992206   8.01194306   6.72328827   5.61042824   4.65752562
   3.8474561    3.16271843   2.58616025   2.10149923   1.69364846
   1.3488769    1.05484253   0.80053607   0.5761678    0.37302368
   0.18331005]
 
f_{n, 30 } = [ 94.11033658  91.58331295  86.78652511  81.98817435  77.31324865
  72.76972037  68.35551421  64.06747194  59.90242153  55.85742392
  51.92997728  48.11829921  44.42170021  40.84101566  37.37902591
  34.04076683  30.83362646  27.76714343  24.85246876  22.10151588
  19.52588831  17.13572524  14.93856527  12.93887918  11.13668703
   9.52844172   8.10676839   6.86107364   5.77829237   4.84370489
   4.04171433   3.35652708   2.77269289   2.27549627   1.85120598
   1.48720461   1.17202341   0.89530862   0.64774232   0.42093677
   0.20731672]
 
f_{n, 29 } = [ 93.54220888  91.11450222  86.23429034  81.34473273  76.59043576
  71.98133176  67.51505905  63.18786347  58.99597556  54.93593842
  51.00485944  47.200725    43.52277776  39.97190413  36.5509495
  33.26486833  30.12062991  27.12683766  24.29307184  21.62902069
  19.14350876  16.84355297  14.73350488  12.81491965  11.085365
   9.53956277   8.16917584   6.9633874    5.90954022   4.99379662
   4.2017438    3.51891453   2.93119735   2.42513429   1.98811259
   1.60846672   1.27550873   0.97950582   0.71162168   0.46383581
   0.22885138]
 
f_{n, 28 } = [ 92.97773634  90.64569155  85.68531252  80.70702786  75.87567447
  71.20334791  66.68740398  62.32345299  58.10708823  54.03430562
  50.10179915  46.30729332  42.64990065  39.13043923  35.75162762
  32.51808028  29.43605638  26.51295867  23.75662771  21.1745167
  18.77285491  16.55590805  14.52535169  12.68039411  11.01669762
   9.52769079   8.20435682   7.03576708   6.00962792   5.1128203
   4.33187888   3.65339756   3.06434552   2.55229609   2.105574
   1.71333421   1.36558541   1.05317249   0.76773019   0.50161839
   0.2478475 ]
 
f_{n, 27 } = [ 92.41688731  90.17696588  85.13955108  80.07500498  75.16889001
  70.435657    65.87238576  61.47401449  57.23546159  53.1521456
  49.22031801  45.43739712  41.80228439  38.31559495  34.97972862
  31.7987284   28.77791118  25.92329882  23.2409163   20.73604704
  18.41254112  16.27225852  14.31462673  12.5369516   10.93339822
   9.49641596   8.21650471   7.08269797   6.0830312    5.20498727
   4.43588025   3.76317518   3.17473412   2.65899304   2.2050746
   1.80284757   1.44294301   1.11673807   0.81631668   0.53441533
   0.26436011]
 
f_{n, 26 } = [ 91.85963064  89.70840683  84.59696876  79.44860959  74.47000699
  69.67814674  65.06984133  60.63932303  56.38079906  52.28907833
  48.35993329  44.59041896  40.97913119  37.52634097  34.23394788
  31.10522576  28.14437364  25.35592213  22.74407102  20.31204326
  18.06153288  15.99230414  14.10189191  12.38604942  10.83775447
   9.4487081    8.20906754   7.1078793    6.1334811    5.27387212
   4.51702316   3.85113079   3.26481007   2.74723132   2.28820571
   1.87822863   1.50848857   1.17085039   0.85781994   0.5624964
   0.27851728]
 
f_{n, 25 } = [ 91.30593567  89.24009279  84.05753128  78.82778751  73.77894945
  68.93070444  64.27960782  59.81915456  55.54280497  51.44472304
  47.52015802  43.76573386  40.17963763  36.76165598  33.51302383
  30.43608396  27.53379248  24.80913302  22.26451596  19.90123614
  17.7190478   15.71589234  13.88770679  12.22896955  10.73171029
   9.38705517   8.18492215   7.11440689   6.16412818   5.3225373
   4.57816992   3.91984905   3.33683602   2.81893583   2.35656095
   1.94076114   1.56322572   1.21626519   0.89277779   0.586206
   0.29048698]
 
f_{n, 24 } = [ 90.75577223  88.77209909  83.52120712  78.21248496  73.09564096
  68.19321704  63.50152258  59.01328574  54.72118416  50.61869797
  46.70050179  42.96271265  39.40300193  36.02053825  32.81574844
  29.78991709  26.94467511  24.28144499  21.80091298  19.5025877
  17.38448598  15.44296403  13.67260602  12.06683817  10.61692939
   9.31356376   8.14649764   7.10490215   6.17766019   5.35362581
   4.62182915   3.97163855   3.39287846   2.87590949   2.41167453
   1.99171724   1.60817829   1.25377479   0.92176767   0.60592076
   0.300455  ]
 
f_{n, 23 } = [ 90.20911058  88.30449808  82.98796725  77.60264866  72.42000471
  67.46557118  62.7354231   58.2214938   53.91564171  49.81062033
  45.90047199  42.18072562  38.64843036  35.30201373  32.14097346
  29.16544073  26.37567427  23.77155164  21.35211834  19.11523974
  17.05738073  15.17351838  13.45708826  11.90064475  10.49484467
   9.23003337   8.09586509   7.08160582   6.17638871   5.36943177
   4.65020438   4.00855632   3.43480882   2.91981418   2.45498719
   2.03231417   1.64434366   1.28416371   0.94536922   0.62202268
   0.30861096]
 
f_{n, 22 } = [ 89.66592146  87.83735929  82.45778492  76.9982258   71.75196359
  66.74765326  61.98114705  57.44355636  53.12588282  49.02010665
  45.11957534  41.41914592  37.91514253  34.60514168  31.48761327
  28.56146806  25.82557372  23.2783008   20.91714749  18.73847468
  16.73736332  14.90758959  13.24161169  11.73125937  10.36669689
   9.13801241   8.03480421   7.04644761   6.16231438   5.37195524
   4.66523452   4.03243197   3.46431171   2.95216503   2.48782962
   2.06369051   1.67266593   1.30818239   0.96414169   0.63488262
   0.31513967]
 
f_{n, 21 } = [ 89.12617605  87.37074954  81.93063546  76.39916416  71.09144024
  66.03934945  61.23853222  56.67925139  52.35161276  48.24677327
  44.35731956  40.67735276  37.20237575  33.92901842  30.85464539
  27.97690406  25.29327424  22.80067219  20.49514664  18.3716858
  16.42413757  14.64523161  13.02659293  11.55944791  10.23356531
   9.03884116   7.96485404   7.00109935   6.13717741   5.36294592
   4.66862789   4.04489075   3.48289692   2.97433259   2.51141674
   2.0868951    1.69402188   1.32653271   0.97861111   0.64485089
   0.3202161 ]
 
f_{n, 20 } = [ 88.58984594  86.90473305  81.40649607  75.80541207  70.43835715
  65.34054575  60.50741647  55.92835711  51.592537    47.49023702
  43.61321501  39.95473424  36.50938823  33.27277951  30.2411093
  27.41073905  24.77778057  22.3377583   20.08536992  18.01435433
  16.11746138  14.38650795  12.81240796  11.3858851   10.09639204
   8.93368524   7.88735215   6.9470162    6.10249728   5.34393844
   4.66189108   4.04737493   3.49191324   2.98754968   2.52684873
   2.10288379   1.70921518   1.33986119   0.98926398   0.65225237
   0.32400284]
 
f_{n, 19 } = [ 88.05690316  86.43937151  80.88534569  75.21691848  69.79263669
  64.65112803  59.7876378   55.19065199  50.84836141  46.75011593
  42.88677629  39.25068968  35.83546147  32.63560065  29.64610425
  26.86204177  24.27818944  21.88874811  19.68716098  17.66603186
  15.81713307  14.13148493  12.59939408  11.21116565   9.95600185
   8.82356213   7.8034656    6.88546938   6.05960475   5.31628152
   4.64635378   4.04116349   3.49256276   2.99292058   2.53511599
   2.11252103   1.71897565   1.34875702   0.99654487   0.65738455
   0.32664892]
 
f_{n, 18 } = [ 87.52732015  85.97472422  80.36716482  74.63363293  69.15420116
  63.97098203  59.07903426  54.46591479  50.11879249  46.02603008
  42.17752375  38.5646315   35.17990184  32.01669771  29.06878633
  26.32995271  23.79367892  21.45291342  19.299938    17.32632656
  15.52298131  13.88022717  12.38785226  11.03581386   9.81311821
   8.70936256   7.71421578   6.81757254   6.00966793   5.28116229
   4.62319015   4.02738989   3.48591482   2.99143142   2.53710617
   2.11658424   1.72396164   1.35375304   1.00085664   0.66051741
   0.3282897 ]
 
f_{n, 17 } = [ 87.00106973  85.51084818  79.85193536  74.05550556  68.52297289
  63.29999343  58.38144403  53.75392463  49.40353775  45.31760233
  41.48498475  37.8959868   34.54204148  31.41532603  28.5083652
  25.81367763  23.32349894  21.0295973   18.92318168  16.99489249
  15.23485757  13.63279475  12.17804973  10.86029179   9.66837665
   8.59186794   7.62049864   6.74430341   5.95371398   5.23962681
   4.59343747   4.00705821   3.47291946   2.98396077   2.53361229
   2.11576971   1.7247641    1.35532846   1.00256216   0.66189437
   0.32904732]
 
f_{n, 16 } = [ 86.47812511  85.04779816  79.3396405   73.48248715  67.89887419
  62.63804786  57.69470538  53.0544611   48.70230601  44.62445913
  40.80869483  37.24419843  33.92123877  30.83077929  27.96410068
  25.31248157  22.86696299  20.6182043   18.55642537  16.6714211
  14.95263041  13.38924127  11.97022257  10.68500632   9.52233589
   8.47176475   7.52310138   6.66652171   5.89264725   5.19259765
   4.55801233   3.98105757   3.45441976   2.97129003   2.52534111
   2.11069917   1.72191158   1.35391246   1.00198675   0.66173383
   0.3290314 ]
 
f_{n, 15 } = [ 85.9584599   84.58562676  78.8302646   72.91452907  67.28182749
  61.98503093  57.01865679  52.36730442  48.01480786  43.94623121
  40.14819862  36.60872579  33.31687829  30.26238807  27.43529929
  24.82568331  22.42344082  20.21819228  18.19924697  16.35563454
  14.67618121  13.14961283  11.76457819  10.51031526   9.37548719
   8.34965663   7.42271649   6.58498426   5.82726469   5.14088889
   4.51772478   3.95017505   3.43116331   2.9541132    2.51292134
   2.10192647   1.71587551   1.34988826   0.99942113   0.66023109   0.32834   ]
 
f_{n, 14 } = [ 85.44204807  84.12438458  78.32379304  72.35158329  66.67175529
  61.34082828  56.35313695  51.69223557  47.34075599  43.28255427
  39.50305065  35.98904533  32.72837054  29.70951817  26.92131092
  24.35265029  21.99235208  19.82906544  17.85126232  16.04728028
  14.40540087  12.91394741  11.56129769  10.3365327    9.2282624
   8.22607456   7.31995348   6.50035777   5.75826906   5.08521919
   4.47329077   3.91510722   3.40381259   2.93304605   2.49691147
   2.08994414   1.70707555   1.34359723   0.99512445   0.6575603
   0.3270606 ]
 
f_{n, 13 } = [ 84.92886395  83.6641202   77.82021217  71.79360237  66.06858026
  60.70532562  55.69798485  51.02903652  46.6798656   42.63306951
  38.8728159   35.38465081  32.15515138  29.17156881  26.42152559
  23.89279407  21.57316079  19.45036837  17.51211971  15.74612679
  14.14018734  12.68227463  11.36053816  10.16393366   9.0810408
   8.10148559   7.21534903   6.41322976   5.68628021   5.02622305
   4.42534311   3.87647034   3.3729543    2.9086345    2.47780708
   2.07518961   1.69588462   1.33534294   0.98932726   0.65387646
   0.32527105]
 
f_{n, 12 } = [ 84.41888222  83.20488029  77.31950917  71.24053945  65.4722252
  60.07840876  55.05303986  50.37749036  46.03185474  41.99742419
  38.25707032  34.79505337  31.59668133  28.64797088  25.93537044
  23.44556619  21.16537044  19.0816811   17.18149533  15.45196008
  13.88044373  12.45461579  11.16243471   9.99275823   8.93415508
   7.97630031   7.1093756    6.32411804   5.61184494   4.9644607
   4.37444097   3.83480949   3.33910781   2.88136216   2.45604753
   2.05805091   1.68263377   1.325395     0.98223439   0.64931728
   0.32304054]
 
f_{n, 11 } = [ 83.91207792  82.7467097   76.82167198  70.69234824  64.88261313
  59.45996364  54.41814181  49.73738156  45.3964447   41.375272
  37.65540107  34.21978142  31.05244468  28.13818508  25.46230691
  23.01045445  20.76851981  18.72261478  16.85908948  15.16458089
  13.62607687  12.23098409  10.96710244   9.8232152    8.78789654
   7.85087938   7.00244894   6.23347882   5.53544553   4.90042669
   4.3210784    3.7906066    3.30273266   2.85165721   2.43202206
   2.038872     1.66761656   1.31399254   0.97402756   0.64400501
   0.3204305 ]
 
f_{n, 10 } = [ 83.4084264   82.28965152  76.32668922  70.14898299  64.29966728
  58.84987641  53.79313112  49.10849614  44.77336028  40.76627347
  37.06740675  33.6583804   30.52194864  27.64170018  25.00182804
  22.58697961  20.38217925  18.37280804  16.54462338  14.8838024
  13.3769962   12.01138489  10.77463822   9.6554853    8.6425196
   7.72553914   6.8949346    6.14171389   5.45750719   4.83455749
   4.26569176   3.74428763   3.26423526   2.81989856   2.40607525
   2.01795753   1.6510931    1.30134754   0.9648679    0.63804801
   0.3174954 ]
 
f_{n, 9 } = [ 82.90790337  81.8337471   75.8345501   69.61039847  63.7233111
  58.24803346  53.17784885  48.49062186  44.1623301   40.17009621
  36.49269752  33.11041249  30.00472234  27.15803129  24.55345611
  22.17469237  20.00594742  18.03192385  16.23783653  14.60944836
  13.133113    11.79581617  10.58512238   9.48972411   8.49824586
   7.60055658   6.78715365   6.0491768    5.37840461   4.76723806
   4.20866627   3.69622888   3.22397486   2.78642131   2.37851203
   1.99557715   1.63329368   1.2876477    0.95489813   0.63154232
   0.31428348]
 
f_{n, 8 } = [ 82.41048484  81.37903617  75.34524437  69.07654999  63.15346833
  57.65432148  52.57213685  47.88354843  43.56308684  39.58641515
  35.93089505  32.57545614  29.50031582  26.68671821  24.11674035
  21.77317074  19.63944849  17.69964681  15.93848445  14.34135157
  12.89433978  11.58426896  10.39862025   9.32606465   8.35526761
   7.47617371   6.67938764   5.95617833   5.29846768   4.69880777
   4.15034178   3.6467626    3.18226883   2.75152166   2.34960201
   1.9719694    1.61442209   1.27305919   0.94424459   0.62457293
   0.31083747]
 
f_{n, 7 } = [ 81.91614716  80.92555685  74.85876225  68.54739333  62.59006297
  57.0686275   51.97583785  47.28706765  42.97536747  39.01491267
  35.38163251  32.05310566  29.00829911  26.22732392  23.69125493
  21.38201761  19.28232962  17.37568085  15.64633676  14.07935265
  12.66058984  11.37672782  10.21518354   9.16461967   8.21375099
   7.35260141   6.57188305   5.86299132   5.21798654   4.6295655
   4.09101793   3.59618193   3.1393974    2.71546126   2.31958346
   1.94734514   1.59465852   1.25772894   0.93301904   0.61721504
   0.30719516]
 
f_{n, 6 } = [ 81.42486695  80.47334577  74.37509435  68.02288478  62.03301935
  56.49083897  51.38879558  46.70097364  42.39891345  38.45527876
  34.84455441  31.5429707   28.52826118  25.77943305  23.27659702
  21.00085865  18.93425878  17.05974719  15.36117563  13.82329899
  12.43177698  11.17317134  10.03485171   9.00548379   8.07383876
   7.2300228    6.46485513   5.76985486   5.13721607   4.5597742
   4.03095868   3.54474534   3.09560779   2.67847109   2.28866681
   1.92189069   1.57416222   1.24178685   0.92132027   0.60953516
   0.30338999]
 
f_{n, 5 } = [ 80.93662118  80.02243803  73.89423166  67.50298106  61.4822621
  55.92084379  50.81085486  46.12506294  41.83347084  37.907211
  34.31931643  31.04467572  28.05980904  25.34265057  22.87238511
  20.62934034  18.5949228   16.75158262  15.08279436  13.57304393
  12.20781528  10.97357262   9.85765311   8.84873536   7.93565286
   7.10859628   6.35849136   5.67697807   5.05637978   4.48966493
   3.97039624   3.49268047   3.05111793   2.64075487   2.25703777
   1.89577049   1.55307382   1.22534763   0.90923556   0.60159202
   0.29945149]
 
f_{n, 4 } = [ 80.45138707  79.57286734  73.41616547  66.98763936  60.93771619
  55.35853039  50.24186172  45.55913467  41.27879046  37.37041464
  33.80558521  30.55785946  27.60256677  24.91660044  22.47825744
  20.2671283   18.2640257   16.45093798  14.81099621  13.32844606
  11.98861902  10.77789977   9.68360613   8.69443814   7.79929656
   6.98845823   6.25295452   5.58454342   4.97567332   4.4194404
   3.90953471   3.44018761   3.00611972   2.60249213   2.22486006
   1.86912963   1.53151738   1.20851255   0.89684196   0.59343748
   0.29540571]
 
f_{n, 3 } = [ 79.96914215  79.12466601  72.94088731  66.4768173   60.399307
  54.80378778  49.68166349  45.00299065  40.73462802  36.84460256
  33.30303812  30.08217437  27.1561747   24.50092444  22.09387051
  19.9139057   17.94128715  16.15757683  14.54559346  13.08936866
  11.77410255  10.58611639   9.5127202    8.54264287   7.66485652
   6.86972538   6.14838534   5.49270965   4.8952676    4.34927814
   3.84855312   3.38744273   2.96078196   2.56384091   2.19227789
   1.84209595   1.50960231   1.1913709    0.88420744   0.5851173
   0.29127568]
 
f_{n, 2 } = [ 79.48986423  78.67786503  72.46838895  65.97047289  59.86696024
  54.25650559  49.13010888  44.45643556  40.20074412  36.3294952
  32.81136298  29.61728607  26.72028846  24.09528103  21.71889785
  19.56937188  17.62644116  15.87127432  14.2864065   12.85567923
  11.56418034  10.39818203   9.34499674   8.3933886    7.53240453
   6.75249693   6.04490497   5.40161438   4.81531145   4.27933325
   3.7876083    3.33460021   2.91525291   2.52494015   2.15941817
   1.81478199   1.48742495   1.17400134   0.87139186   0.5766718
   0.28708166]
 
f_{n, 1 } = [ 79.01353139  78.2324941   71.99866233  65.46856456  59.34060206
  53.71657414  48.58704812  43.91927695  39.67690437  35.82482051
  32.33025776  29.16287283  26.29457827  23.69934433  21.35302873
  19.23324114  17.31923486  15.59181615  14.03326313  12.62724913
  11.35876693  10.21405261   9.18042998   8.24670399   7.40199916
   6.63685649   5.9426171    5.31137644   4.73593413   4.20974095
   3.72683729   3.28179522   2.86966257   2.48591182   2.12639236
   1.7872867    1.46507003   1.15647309   0.85844794   0.56813648
   0.2828415 ]
 
f_{n, 0 } = [ 78.540122    77.78858168  71.53169952  64.97105113  58.82015903
  53.18388453  48.05233297  43.3913254   39.16287936  35.33031381
  31.85943031  28.71862498  25.87872809  23.31280312  20.99596713
  18.90524153  17.01942748  15.3189977   13.78599789  12.40395322
  11.15777703  10.03368085   9.01900779   8.10260843   7.27368715
   6.52287376   5.84160986   5.22209794   4.65724744   4.1406187
   3.66635956   3.22914586   2.82412473   2.44686282   2.09329828
   1.75969694   1.44261198   1.13884698   0.84542201   0.55954254
   0.2785709 ]
 
