INFO:root:Starting SOR...assignment part one
INFO:root:Can continue...
INFO:root:solution (direct) is: 
INFO:root:The direct answer is: [[ 1.    0.4   3.    4.    0.84]]
INFO:root:The answer according to SOR is: [ 1.00003052  0.40001221  3.00009155  4.00012207  0.83991577]
INFO:root:Starting Black Scholes model...assignment part two
INFO:root:f_{n,m= 12 } (m=M=T=12) = [ 50.   37.5  25.   12.5   0.    0.    0.    0.    0.    0.    0.    0.
   0. ]
INFO:root:------
INFO:root:f_{n, 11 } = [  4.96675042e+01   3.73193020e+01   2.48434410e+01   1.24473185e+01
   9.12632031e-01   9.15179538e-02   1.17874760e-02   1.86397153e-03
   3.55859997e-04   7.66624117e-05   2.37685694e-05   5.22609563e-06
   4.44023480e-06]
INFO:root:f_{n, 10 } = [  4.93374049e+01   3.71379411e+01   2.46910647e+01   1.24308303e+01
   1.69492739e+00   2.44383113e-01   4.05094605e-02   7.74279008e-03
   1.69625415e-03   4.14732468e-04   1.20152709e-04   3.42657014e-05
   1.42349170e-05]
INFO:root:f_{n, 9 } = [  4.90096797e+01   3.69560245e+01   2.45433686e+01   1.24418447e+01
   2.37183314e+00   4.37283696e-01   8.75170889e-02   1.94380029e-02
   4.80012831e-03   1.30156460e-03   3.94199006e-04   1.24031066e-04
   4.28145386e-05]
INFO:root:f_{n, 8 } = [  4.86840595e+01   3.67734591e+01   2.44004875e+01   1.24734395e+01
   2.96279494e+00   6.55122438e-01   1.52024006e-01   3.81667365e-02
   1.04177055e-02   3.08868954e-03   9.81181262e-04   3.35115319e-04
   1.04029920e-04]
INFO:root:f_{n, 7 } = [  4.83607732e+01   3.65905529e+01   2.42626776e+01   1.25203693e+01
   3.48325092e+00   8.87362090e-01   2.32274675e-01   6.46211639e-02
   1.92608560e-02   6.16176601e-03   2.08945701e-03   7.50175054e-04
   2.43541718e-04]
INFO:root:f_{n, 6 } = [  4.80397998e+01   3.64074076e+01   2.41299298e+01   1.25784344e+01
   3.94535574e+00   1.12658462e+00   3.26029638e-01   9.90023190e-02
   3.18604385e-02   1.08987664e-02   3.92633005e-03   1.47693650e-03
   5.02369727e-04]
INFO:root:f_{n, 5 } = [  4.77211187e+01   3.62241204e+01   2.40021456e+01   1.26443408e+01
   4.35878100e+00   1.36763371e+00   4.30964714e-01   1.41147816e-01
   4.85830195e-02   1.76381461e-02   6.70677310e-03   2.63454109e-03
   9.31120248e-04]
INFO:root:f_{n, 4 } = [  4.74047098e+01   3.60407831e+01   2.38791626e+01   1.27155082e+01
   4.73126620e+00   1.60696646e+00   5.44864292e-01   1.90638889e-01
   6.96352144e-02   2.66611086e-02   1.06379634e-02   4.34720411e-03
   1.58608899e-03]
INFO:root:f_{n, 3 } = [  4.70905533e+01   3.58574824e+01   2.37607742e+01   1.27899193e+01
   5.06904041e+00   1.84219031e+00   6.65717074e-01   2.46890911e-01
   9.50810190e-02   3.81824041e-02   1.59073323e-02   6.73721119e-03
   2.52561635e-03]
INFO:root:f_{n, 2 } = [  4.67786299e+01   3.56742991e+01   2.36467448e+01   1.28660021e+01
   5.37714642e+00   2.07173165e+00   7.91753960e-01   3.09224658e-01
   1.24865126e-01   5.23480446e-02   2.26742140e-02   9.91856023e-03
   3.80673048e-03]
INFO:root:f_{n, 1 } = [  4.64689207e+01   3.54913082e+01   2.35368210e+01   1.29425367e+01
   5.65969096e+00   2.29459823e+00   9.21452766e-01   3.76919561e-01
   1.58837678e-01   6.92380162e-02   3.10648457e-02   1.39918742e-02
   5.48226270e-03]
INFO:root:f_{n, 0 } = [  4.61614070e+01   3.53085789e+01   2.34307408e+01   1.30185818e+01
   5.92003880e+00   2.51020855e+00   1.05352500e+00   4.49251691e-01
   1.96777775e-01   8.88722232e-02   4.11702323e-02   1.90408062e-02
   7.59857804e-03]
