Stopping reason                Max num of iterations          Num of iterations              Machine epsilon                X seq tolerance                Residual seq tolerance        
x Sequence convergence         200                            16                             2.22044604925e-16              0.0005                         Not used                      
[ 0.08968602  0.12425193  0.07761941  0.04892042  0.04874499  0.04811247
  0.08553893  0.07079115  0.08528236  0.05555345  0.05033875  0.08314148
  0.11220891  0.06278698  0.09824021  0.09767379  0.07338826  0.11088991
  0.07060207  0.08963871  0.09586821  0.09447516  0.05751646  0.07140576
  0.1322484   0.07350882  0.07442541  0.13580355  0.10588199  0.08903237
  0.09845076  0.09718559  0.05674053  0.14857811  0.1568209   0.1101293
  0.12223862  0.10340479  0.09923934  0.06566106  0.12522159  0.09471057
  0.11116703  0.07332472  0.13823871  0.11644074  0.1201313   0.11342714
  0.09902469  0.08501263  0.10492108  0.12997957  0.07689857  0.17082278
  0.15183976  0.14211411  0.11791195  0.16841459  0.1289737   0.08608383
  0.11172834  0.09264823  0.19945596  0.15946443  0.13877572  0.10947391
  0.17097464  0.16621399  0.14511204  0.19107916  0.2052704   0.14875848
  0.12415475  0.11270893  0.18392257  0.1346629   0.1175337   0.17221458
  0.14016388  0.13939845  0.13524672  0.15087939  0.12921552  0.19010368
  0.16018892  0.147606    0.15681734  0.14334102  0.16862142  0.15966188
  0.17998457  0.20012695  0.16692509  0.1262988   0.13520786  0.16676972
  0.17420297  0.17393151  0.16567215  0.17430383  0.14477534  0.15990935
  0.17234197  0.15832207  0.15765449  0.14848479  0.23838664  0.16557648
  0.19947334  0.1837949   0.14291394  0.18690618  0.18291001  0.16936849
  0.14607709  0.23772978  0.23164672  0.15366007  0.24722952  0.17473994
  0.18175009  0.20677719  0.22825227  0.15969796  0.21111859  0.18591644
  0.20980469  0.16838297  0.15755945  0.2026735   0.21155325  0.16945298
  0.25432255  0.16120562  0.21472332  0.20072965  0.25399034  0.21001121
  0.21070877  0.1999514   0.15367608  0.1907679   0.29616749  0.25639566
  0.21936967  0.22079697  0.23693327  0.20561657  0.22254488  0.23077606
  0.15854483  0.23686955  0.20392225  0.23565347  0.24052301  0.22822794
  0.22322363  0.21788011  0.18748362  0.22262051  0.28356953  0.22509529
  0.17383658  0.20904557  0.24322127  0.26897157  0.24728627  0.22564741
  0.20018742  0.27485569  0.20477728  0.24729058  0.20548779  0.25368972
  0.27300177  0.27923114  0.24866546  0.2670119   0.26291752  0.28359776
  0.29739836  0.22691281  0.24449227  0.24674036  0.2453728   0.23636886
  0.28136574  0.30480013  0.29949478  0.24358831  0.24570448  0.20884709
  0.23160008  0.22984823  0.25281413  0.26059473  0.2992897   0.2529794
  0.2755257   0.24315199  0.23185276  0.27291576  0.25783169  0.25396474
  0.31286612  0.25991377  0.24780437  0.23387442  0.26298227  0.26697131
  0.2659288   0.27926893  0.26511897  0.28908529  0.31374445  0.34321383
  0.26998914  0.31717292  0.30878855  0.28073854  0.28350389  0.28231903
  0.33753808  0.26893808  0.32836291  0.3122922   0.3284851   0.28305818
  0.32340836  0.31583736  0.31251681  0.25768605  0.30502449  0.28802979
  0.35335657  0.34124967  0.25381903  0.29257229  0.28364196  0.33129066
  0.29397744  0.3156342   0.3046992   0.2663752   0.33323367  0.27170412
  0.33728898  0.30951418  0.34921413  0.350671    0.30130691  0.29486513
  0.35465432  0.33197139  0.3431732   0.27812376  0.36604352  0.35838532
  0.31622715  0.29552053  0.32124562  0.3134001   0.35388894  0.31811666
  0.33425652  0.36603305  0.33046913  0.3244504   0.39184123  0.34516888
  0.30375629  0.36471003  0.32718387  0.34307379  0.32626695  0.36039215
  0.30460001  0.32997503  0.32945271  0.38735057  0.37952518  0.37157339
  0.34387489  0.38278433  0.36492661  0.33188822  0.37941431  0.33872631
  0.44284649  0.33480666  0.3984158   0.32949874  0.35977115  0.37300356
  0.3550429   0.33654721  0.33435504  0.38884323  0.39419622  0.30484757
  0.36580042  0.35052564  0.36033389  0.37231708  0.38293531  0.43079981
  0.34553465  0.42156316  0.40060026  0.37531493  0.38289771  0.41790008
  0.36962223  0.4299436   0.37075755  0.39998253  0.42025963  0.40379742
  0.38361573  0.37850141  0.42244076  0.39129389  0.42264378  0.40022593
  0.40576139  0.38186592  0.39723551  0.41832361  0.43753145  0.37250515
  0.44982684  0.35699473  0.38753913  0.41991994  0.38052529  0.41711385
  0.43980779  0.38864741  0.41591679  0.42323022  0.44453844  0.39862752
  0.38294474  0.4411397   0.42021377  0.43575413  0.4536113   0.3683093
  0.42659747  0.41048535  0.39615023  0.42451107  0.41683962  0.40259111
  0.46930967  0.3793125   0.39400377  0.45749472  0.44765118  0.42780518
  0.44185359  0.46489559  0.44232331  0.43308014  0.42821531  0.45744295
  0.46203522  0.43241928  0.41787623  0.43369304  0.47748145  0.4304473
  0.4035569   0.45033604  0.44830027  0.49308022  0.44969872  0.43336136
  0.44555043  0.43361928  0.49498706  0.44526099  0.48621765  0.46685003
  0.47433418  0.45718586  0.44583642  0.5290322   0.44284195  0.39645801
  0.43701466  0.47403956  0.41426942  0.43761787  0.43275177  0.49417657
  0.40531872  0.42859398  0.43214051  0.45582279  0.48468044  0.47557927
  0.51561262  0.46875164  0.51050553  0.47740442  0.42178999  0.51066788
  0.46671567  0.49657289  0.49236531  0.48734505  0.47910765  0.49911306
  0.43824547  0.51810935  0.5109384   0.49013309  0.54544075  0.52027253
  0.52129832  0.50888791  0.46602677  0.47280295  0.53024325  0.51531529
  0.47711707  0.4700565   0.51257636  0.49153332  0.54432154  0.55448579
  0.51985564  0.4949735   0.47161183  0.46711752  0.46659938  0.54472155
  0.48905287  0.48589055  0.5542604   0.52814471  0.50963565  0.45935542
  0.60977223  0.47808502  0.47620729  0.53300059  0.55079041  0.56482527
  0.55493904  0.5721819   0.53983622  0.5044873   0.55859633  0.52999136
  0.46296773  0.50427535  0.57386817  0.55406543  0.55094317  0.50185617
  0.49465053  0.56384982  0.57252038  0.55146006  0.52208211  0.49873375
  0.54589232  0.54543223  0.54141452  0.53028339  0.52883469  0.55568031
  0.55850609  0.58611253  0.54828129  0.57421534  0.52554033  0.55069715
  0.49318922  0.55761364  0.52450844  0.50923294  0.57791097  0.56611016
  0.6037601   0.53660993  0.56893292  0.61202365  0.53185974  0.57849177
  0.57875002  0.51510974  0.57847417  0.5518737   0.56115904  0.60907904
  0.56687782  0.57290062  0.51906599  0.57172575  0.5735834   0.61720416
  0.53097344  0.51293981  0.5947324   0.52301639  0.60075363  0.6128003
  0.58755333  0.53827795  0.54664005  0.61946134  0.58127122  0.60261084
  0.59055931  0.57347289  0.61516115  0.58387599  0.61817362  0.63681154
  0.5122537   0.57282695  0.63035603  0.61775926  0.57635012  0.66957648
  0.65536116  0.60317271  0.60010783  0.6061545   0.58915983  0.6114033
  0.58731018  0.64604243  0.58049631  0.62214239  0.64667605  0.61983453
  0.64785713  0.59324428  0.58469757  0.63316554  0.59648802  0.53347449
  0.60629141  0.5684317   0.56904239  0.66762375  0.64283134  0.63082555
  0.60992731  0.64728852  0.59446744  0.61056659  0.64930003  0.65926855
  0.65687024  0.65846319  0.61446075  0.68805948  0.62540037  0.58277556
  0.59425747  0.63178838  0.65265441  0.64412109  0.63157578  0.68445071
  0.59039327  0.66470818  0.64927703  0.64915209  0.646361    0.62470403
  0.69712266  0.62983783  0.68829899  0.65292374  0.6731339   0.64847268
  0.647365    0.65592177  0.61078502  0.70338231  0.65976117  0.68046098
  0.65128585  0.61705288  0.64832803  0.73371477  0.70598916  0.69159601
  0.64728948  0.66332285  0.6380395   0.6518085   0.71875179  0.68172228
  0.6287763   0.68125536  0.70118692  0.69035237  0.68747133  0.70889102
  0.66492579  0.66462244  0.67913106  0.62345687  0.67429291  0.67434371
  0.64747028  0.65858165  0.6846887   0.72937148  0.70502084  0.67704906
  0.65621604  0.7053703   0.64893872  0.69616291  0.64803007  0.67554098
  0.66693925  0.74715452  0.69094759  0.69958615  0.65876793  0.71692906
  0.62555086  0.72203063  0.78029033  0.75234591  0.69936996  0.63425654
  0.73652336  0.75133806  0.76059315  0.7298882   0.70293538  0.63813558
  0.73209506  0.69945306  0.75344629  0.70827908  0.73432234  0.67210632
  0.69358396  0.78655233  0.74677442  0.7015887   0.69629942  0.73311379
  0.74375084  0.74436856  0.71720578  0.69888453  0.74522873  0.73388836
  0.7738332   0.72016376  0.74956511  0.71389858  0.7552204   0.70173921
  0.71737926  0.72048918  0.72194657  0.7305752   0.78697294  0.74998325
  0.77366855  0.753795    0.7283202   0.79368263  0.78282204  0.71683729
  0.70614485  0.71790558  0.72256674  0.76741276  0.7573254   0.71490799
  0.69884263  0.76564923  0.75851899  0.7286979   0.70304044  0.75600762
  0.77283802  0.7164826   0.77232421  0.77880157  0.77918973  0.71831987
  0.78369901  0.78855631  0.7484818   0.76408251  0.78939878  0.79739192
  0.7913504   0.71748331  0.74111765  0.83451661  0.80744245  0.76024787
  0.77851321  0.81834434  0.8235856   0.74766409  0.79458879  0.78557438
  0.78096922  0.78521372  0.83291571  0.81107267  0.85509258  0.8392248
  0.81417487  0.75634833  0.76722383  0.77296816  0.82813819  0.77936584
  0.80244467  0.81705445  0.79736717  0.80394391  0.82483386  0.81550823
  0.80692234  0.7866709   0.78432899  0.7872967   0.78026984  0.82219585
  0.76802614  0.7988627   0.71619394  0.75592798  0.82203037  0.82968985
  0.80013295  0.8069833   0.83629994  0.8665879   0.8842544   0.79783854
  0.85548879  0.80626418  0.83459667  0.82704266  0.78974302  0.84886212
  0.83168677  0.83821792  0.83619953  0.8465522   0.86514729  0.82337125
  0.81432446  0.86987197  0.83350801  0.86001436  0.83542269  0.85078506
  0.84321445  0.83322984  0.82376992  0.79398957  0.86203593  0.86407559
  0.80732236  0.8957967   0.79999221  0.85953425  0.8459151   0.84297881
  0.89006642  0.85601819  0.81600422  0.85932652  0.83634415  0.84060866
  0.84155529  0.86378797  0.86921245  0.84934995  0.86139027  0.84705666
  0.86886406  0.8431069   0.90435476  0.85099313  0.90629677  0.82763162
  0.83735589  0.86237262  0.85777916  0.87772225  0.88867534  0.86836687
  0.87686202  0.92267197  0.8284936   0.9005046   0.91252482  0.86097945
  0.90052993  0.90185282  0.85864008  0.82856632  0.9043093   0.9348398
  0.89596615  0.88057126  0.82992383  0.91958819  0.93391494  0.88411501
  0.96185823  0.88778476  0.88847505  0.94510277  0.87758373  0.90750281
  0.89055618  0.87809204  0.89225881  0.85890149  0.88726651  0.87914331
  0.90857576  0.89040054  0.94090667  0.9199653   0.90132274  0.96032632
  0.92073298  0.8750713   0.9360266   0.92085946  0.92934521  0.92199058
  0.92910137  0.8930407   0.83574344  0.94476768  0.91600449  0.98053002
  0.94137834  0.93102534  0.90733577  0.96581735  0.89560833  0.93735856
  0.89088313  0.88464476  0.94327183  0.92206788  0.9339544   0.97614764
  0.93791333  0.9256355   0.91788115  0.95920487  0.95220561  0.95991242
  0.91073406  0.94349726  0.93655354  1.02462733  0.9180217   0.9375758
  0.96279894  0.92870137  1.00490691  0.92543846  0.94084159  0.90857355
  0.95387317  0.93859806  0.95953499  0.98019663  0.91179428  0.94090623
  0.89082082  0.96994115  0.97581667  1.00942168  0.96012911  0.98052311
  0.91878861  0.93874481  0.9895908   0.92604825  1.05341712  0.97685557
  0.94687813  0.92242803  0.95463144  0.93183318  0.97121073  0.97775473
  0.98366278  0.98321944  0.97818664  0.95478016  0.99243316  0.96145584
  0.99988292  1.01024189  0.98110443  0.95665067  1.01959809  0.98982569
  0.98191933  1.00398765  0.98233373  1.01420785  1.0555327   0.98739435
  0.99407353  1.02298162  0.98109454  1.01486348  1.03093422  0.98400247
  0.99044068  1.01338778  0.96968494  1.03685921  0.99995587  0.98838553
  0.98987893  0.98706717  1.00568642  1.02513679  0.99728949  0.9940924
  1.05429297  1.04499957  0.96716074  0.98809541  1.00114599  1.01642642
  1.03828462  0.9907421   0.9739527   0.98817609  0.98734051  0.97408597
  1.00484816  1.05251329  1.01700344  1.03608533  1.0144938   1.03237327
  1.01468973  1.04190183  1.04686103  1.03121555  1.02744963  1.04740674
  1.09529939  1.0129415   1.04810277  1.0171918   1.06551988  1.04706962
  1.03164364  1.06188217  1.03729146  1.06443438  1.04602016  1.05442535
  1.00668475  1.05428005  1.02307641  1.06795313  1.03427474  0.99470335
  1.02720856  1.00399106  1.08417095  0.99098223  1.09288276  1.08074142
  1.0725934   1.04652282  1.03559012  1.08276988  1.09446001  1.03850648
  1.05643655  1.08587654  1.01838723  1.07661692]